{
  "uid" : "99201543b23cf953",
  "name" : "test_guest_can_add_product_to_basket[http://selenium1py.pythonanywhere.com/catalogue/coders-at-work_207/?promo=offer7]",
  "fullName" : "module_5.test_product_page.TestProductParametrize#test_guest_can_add_product_to_basket",
  "historyId" : "4e3db178b93c314c1f83f318da4671e7",
  "time" : {
    "start" : 1608057411415,
    "stop" : 1608057415246,
    "duration" : 3831
  },
  "status" : "skipped",
  "statusMessage" : "XFAIL\n\nAssertionError: Coders at Work -- Product name not name in message -- Coders at Work book",
  "statusTrace" : "self = <module_5.test_product_page.TestProductParametrize object at 0x0000021B636CB1F0>\nbrowser = <selenium.webdriver.chrome.webdriver.WebDriver (session=\"ff95d777929ad35f57afa9ef007342d9\")>\nlink = 'http://selenium1py.pythonanywhere.com/catalogue/coders-at-work_207/?promo=offer7'\n\n    def test_guest_can_add_product_to_basket(self, browser, link):\n        # Arrange\n        page = ProductPage(browser, link)\n        page.open()\n    \n        # Act\n        page.add_product_to_basket()\n    \n        # Assert\n>       page.basket_should_contain_name_product()\n\nmodule_5\\test_product_page.py:36: \n_ _ _ _ _ _ _ _ _ _ _ _ _ _ _ _ _ _ _ _ _ _ _ _ _ _ _ _ _ _ _ _ _ _ _ _ _ _ _ _ _ _ _ _ _ _ _ _ _ _ _ _ _ _ _ _ _ _ _ _ _ _ _ _ _ _ _ _ _ _ _ _ _ _ _ _ _ _ _ _ _ _ _ _ _ _ _ _ _ _ _ _ _ \n\nself = <module_5.pages.product_page.ProductPage object at 0x0000021B636CB1C0>\n\n    def basket_should_contain_name_product(self):\n        # Act\n        product_form = self.browser.find_element(*ProductPageLocators.PRODUCT_FORM)\n        product_name = product_form.find_element(*ProductPageLocators.PRODUCT_NAME).text\n    \n        alert_message = self.browser.find_element(*ProductPageLocators.ALERT_MESSAGE)\n        name_in_message = alert_message.find_element(*ProductPageLocators.MESSAGE_TEXT).text\n    \n        # Assert\n>       assert product_name == name_in_message, \\\n            f\"{product_name} -- Product name not name in message -- {name_in_message}\"\nE       AssertionError: Coders at Work -- Product name not name in message -- Coders at Work book\n\nmodule_5\\pages\\product_page.py:24: AssertionError",
  "flaky" : false,
  "newFailed" : false,
  "beforeStages" : [ {
    "name" : "browser",
    "time" : {
      "start" : 1608057409728,
      "stop" : 1608057411414,
      "duration" : 1686
    },
    "status" : "passed",
    "steps" : [ ],
    "attachments" : [ ],
    "parameters" : [ ],
    "attachmentsCount" : 0,
    "shouldDisplayMessage" : false,
    "stepsCount" : 0,
    "hasContent" : false
  } ],
  "testStage" : {
    "status" : "skipped",
    "statusMessage" : "XFAIL\n\nAssertionError: Coders at Work -- Product name not name in message -- Coders at Work book",
    "statusTrace" : "self = <module_5.test_product_page.TestProductParametrize object at 0x0000021B636CB1F0>\nbrowser = <selenium.webdriver.chrome.webdriver.WebDriver (session=\"ff95d777929ad35f57afa9ef007342d9\")>\nlink = 'http://selenium1py.pythonanywhere.com/catalogue/coders-at-work_207/?promo=offer7'\n\n    def test_guest_can_add_product_to_basket(self, browser, link):\n        # Arrange\n        page = ProductPage(browser, link)\n        page.open()\n    \n        # Act\n        page.add_product_to_basket()\n    \n        # Assert\n>       page.basket_should_contain_name_product()\n\nmodule_5\\test_product_page.py:36: \n_ _ _ _ _ _ _ _ _ _ _ _ _ _ _ _ _ _ _ _ _ _ _ _ _ _ _ _ _ _ _ _ _ _ _ _ _ _ _ _ _ _ _ _ _ _ _ _ _ _ _ _ _ _ _ _ _ _ _ _ _ _ _ _ _ _ _ _ _ _ _ _ _ _ _ _ _ _ _ _ _ _ _ _ _ _ _ _ _ _ _ _ _ \n\nself = <module_5.pages.product_page.ProductPage object at 0x0000021B636CB1C0>\n\n    def basket_should_contain_name_product(self):\n        # Act\n        product_form = self.browser.find_element(*ProductPageLocators.PRODUCT_FORM)\n        product_name = product_form.find_element(*ProductPageLocators.PRODUCT_NAME).text\n    \n        alert_message = self.browser.find_element(*ProductPageLocators.ALERT_MESSAGE)\n        name_in_message = alert_message.find_element(*ProductPageLocators.MESSAGE_TEXT).text\n    \n        # Assert\n>       assert product_name == name_in_message, \\\n            f\"{product_name} -- Product name not name in message -- {name_in_message}\"\nE       AssertionError: Coders at Work -- Product name not name in message -- Coders at Work book\n\nmodule_5\\pages\\product_page.py:24: AssertionError",
    "steps" : [ ],
    "attachments" : [ {
      "uid" : "927eeb7163b18089",
      "name" : "stdout",
      "source" : "927eeb7163b18089.txt",
      "type" : "text/plain",
      "size" : 26
    } ],
    "parameters" : [ ],
    "attachmentsCount" : 1,
    "shouldDisplayMessage" : true,
    "stepsCount" : 0,
    "hasContent" : true
  },
  "afterStages" : [ {
    "name" : "browser::0",
    "time" : {
      "start" : 1608057415405,
      "stop" : 1608057417710,
      "duration" : 2305
    },
    "status" : "passed",
    "steps" : [ ],
    "attachments" : [ ],
    "parameters" : [ ],
    "attachmentsCount" : 0,
    "shouldDisplayMessage" : false,
    "stepsCount" : 0,
    "hasContent" : false
  } ],
  "labels" : [ {
    "name" : "tag",
    "value" : "@pytest.mark.xfail"
  }, {
    "name" : "tag",
    "value" : "to_basket"
  }, {
    "name" : "parentSuite",
    "value" : "module_5"
  }, {
    "name" : "suite",
    "value" : "test_product_page"
  }, {
    "name" : "subSuite",
    "value" : "TestProductParametrize"
  }, {
    "name" : "host",
    "value" : "Netbook"
  }, {
    "name" : "thread",
    "value" : "13396-MainThread"
  }, {
    "name" : "framework",
    "value" : "pytest"
  }, {
    "name" : "language",
    "value" : "cpython3"
  }, {
    "name" : "package",
    "value" : "module_5.test_product_page"
  }, {
    "name" : "resultFormat",
    "value" : "allure2"
  } ],
  "parameters" : [ {
    "name" : "link",
    "value" : "'http://selenium1py.pythonanywhere.com/catalogue/coders-at-work_207/?promo=offer7'"
  } ],
  "links" : [ ],
  "hidden" : false,
  "retry" : false,
  "extra" : {
    "severity" : "normal",
    "retries" : [ ],
    "categories" : [ ],
    "tags" : [ "@pytest.mark.xfail", "to_basket" ]
  },
  "source" : "99201543b23cf953.json",
  "parameterValues" : [ "'http://selenium1py.pythonanywhere.com/catalogue/coders-at-work_207/?promo=offer7'" ]
}