{
  "uid" : "376b360de8cca06d",
  "name" : "test_guest_should_see_empty_bucket",
  "fullName" : "test_product_page.TestGuestProductPage#test_guest_should_see_empty_bucket",
  "historyId" : "ab1ae9f3b4d8c88cde3082fc37692d1b",
  "time" : {
    "start" : 1608929425983,
    "stop" : 1608929436137,
    "duration" : 10154
  },
  "status" : "skipped",
  "statusMessage" : "XFAIL -- fixing this bug right now. --\n\nAssertionError:  -- Success remove message not presented",
  "statusTrace" : "self = <final.test_product_page.TestGuestProductPage object at 0x0000022E680C2AF0>, browser = <selenium.webdriver.chrome.webdriver.WebDriver (session=\"53ae912ac28f9683be6cc4b43cfda6f1\")>\n\n    @pytest.mark.xfail(reason=\"-- fixing this bug right now. --\")\n    def test_guest_should_see_empty_bucket(self, browser):\n        # Act\n        basket_page = BasketPage(browser)\n        basket_page.click_button_remove()\n        # Assert\n>       basket_page.should_be_success_message()\n\nfinal\\test_product_page.py:35: \n_ _ _ _ _ _ _ _ _ _ _ _ _ _ _ _ _ _ _ _ _ _ _ _ _ _ _ _ _ _ _ _ _ _ _ _ _ _ _ _ _ _ _ _ _ _ _ _ _ _ _ _ _ _ _ _ _ _ _ _ _ _ _ _ _ _ _ _ _ _ _ _ _ _ _ _ _ _ _ _ _ _ _ _ _ _ _ _ _ _ _ _ _ \n\nself = <final.pages.basket_page.BasketPage object at 0x0000022E6894F160>\n\n    def should_be_success_message(self):\n>       assert self.is_element_present(*BasketPageLocators.SUCCESS_MESSAGE), \\\n            \" -- Success remove message not presented\"\nE       AssertionError:  -- Success remove message not presented\n\nfinal\\pages\\basket_page.py:58: AssertionError",
  "flaky" : false,
  "newFailed" : false,
  "beforeStages" : [ {
    "name" : "browser",
    "time" : {
      "start" : 1608929419159,
      "stop" : 1608929420915,
      "duration" : 1756
    },
    "status" : "passed",
    "steps" : [ ],
    "attachments" : [ ],
    "parameters" : [ ],
    "stepsCount" : 0,
    "hasContent" : false,
    "attachmentsCount" : 0,
    "shouldDisplayMessage" : false
  }, {
    "name" : "setup",
    "time" : {
      "start" : 1608929420916,
      "stop" : 1608929425981,
      "duration" : 5065
    },
    "status" : "passed",
    "steps" : [ ],
    "attachments" : [ ],
    "parameters" : [ ],
    "stepsCount" : 0,
    "hasContent" : false,
    "attachmentsCount" : 0,
    "shouldDisplayMessage" : false
  } ],
  "afterStages" : [ {
    "name" : "browser::0",
    "time" : {
      "start" : 1608929436279,
      "stop" : 1608929438980,
      "duration" : 2701
    },
    "status" : "passed",
    "steps" : [ ],
    "attachments" : [ ],
    "parameters" : [ ],
    "stepsCount" : 0,
    "hasContent" : false,
    "attachmentsCount" : 0,
    "shouldDisplayMessage" : false
  } ],
  "labels" : [ {
    "name" : "tag",
    "value" : "@pytest.mark.xfail(reason='-- fixing this bug right now. --')"
  }, {
    "name" : "suite",
    "value" : "test_product_page"
  }, {
    "name" : "subSuite",
    "value" : "TestGuestProductPage"
  }, {
    "name" : "host",
    "value" : "Netbook"
  }, {
    "name" : "thread",
    "value" : "17300-MainThread"
  }, {
    "name" : "framework",
    "value" : "pytest"
  }, {
    "name" : "language",
    "value" : "cpython3"
  }, {
    "name" : "package",
    "value" : "test_product_page"
  }, {
    "name" : "resultFormat",
    "value" : "allure2"
  } ],
  "parameters" : [ ],
  "links" : [ ],
  "hidden" : false,
  "retry" : false,
  "extra" : {
    "severity" : "normal",
    "retries" : [ ],
    "categories" : [ ],
    "tags" : [ "@pytest.mark.xfail(reason='-- fixing this bug right now. --')" ]
  },
  "source" : "376b360de8cca06d.json",
  "parameterValues" : [ ]
}