{
  "uid" : "b64deb3ad05824e9",
  "name" : "test_user_should_see_empty_bucket",
  "fullName" : "test_product_page.TestUserProductPage#test_user_should_see_empty_bucket",
  "historyId" : "c4aa36e359cba9c046ae8bd6b03ab344",
  "time" : {
    "start" : 1608929490771,
    "stop" : 1608929500872,
    "duration" : 10101
  },
  "status" : "skipped",
  "statusMessage" : "XFAIL -- fixing this bug right now. --\n\nAssertionError:  -- Success remove message not presented",
  "statusTrace" : "self = <final.test_product_page.TestUserProductPage object at 0x0000022E689B4FD0>, browser = <selenium.webdriver.chrome.webdriver.WebDriver (session=\"498eb5ddd81cfced8fa0e4c620f364f9\")>\n\n    @pytest.mark.xfail(reason=\"-- fixing this bug right now. --\")\n    def test_user_should_see_empty_bucket(self, browser):\n        # Act\n        basket_page = BasketPage(browser)\n        basket_page.click_button_remove()\n        # Assert\n>       basket_page.should_be_success_message()\n\nfinal\\test_product_page.py:75: \n_ _ _ _ _ _ _ _ _ _ _ _ _ _ _ _ _ _ _ _ _ _ _ _ _ _ _ _ _ _ _ _ _ _ _ _ _ _ _ _ _ _ _ _ _ _ _ _ _ _ _ _ _ _ _ _ _ _ _ _ _ _ _ _ _ _ _ _ _ _ _ _ _ _ _ _ _ _ _ _ _ _ _ _ _ _ _ _ _ _ _ _ _ \n\nself = <final.pages.basket_page.BasketPage object at 0x0000022E68973700>\n\n    def should_be_success_message(self):\n>       assert self.is_element_present(*BasketPageLocators.SUCCESS_MESSAGE), \\\n            \" -- Success remove message not presented\"\nE       AssertionError:  -- Success remove message not presented\n\nfinal\\pages\\basket_page.py:58: AssertionError",
  "flaky" : false,
  "newFailed" : false,
  "beforeStages" : [ {
    "name" : "browser",
    "time" : {
      "start" : 1608929467045,
      "stop" : 1608929468644,
      "duration" : 1599
    },
    "status" : "passed",
    "steps" : [ ],
    "attachments" : [ ],
    "parameters" : [ ],
    "stepsCount" : 0,
    "hasContent" : false,
    "attachmentsCount" : 0,
    "shouldDisplayMessage" : false
  }, {
    "name" : "setup",
    "time" : {
      "start" : 1608929468644,
      "stop" : 1608929490769,
      "duration" : 22125
    },
    "status" : "passed",
    "steps" : [ ],
    "attachments" : [ ],
    "parameters" : [ ],
    "stepsCount" : 0,
    "hasContent" : false,
    "attachmentsCount" : 0,
    "shouldDisplayMessage" : false
  } ],
  "afterStages" : [ {
    "name" : "browser::0",
    "time" : {
      "start" : 1608929500885,
      "stop" : 1608929503531,
      "duration" : 2646
    },
    "status" : "passed",
    "steps" : [ ],
    "attachments" : [ ],
    "parameters" : [ ],
    "stepsCount" : 0,
    "hasContent" : false,
    "attachmentsCount" : 0,
    "shouldDisplayMessage" : false
  } ],
  "labels" : [ {
    "name" : "tag",
    "value" : "@pytest.mark.xfail(reason='-- fixing this bug right now. --')"
  }, {
    "name" : "suite",
    "value" : "test_product_page"
  }, {
    "name" : "subSuite",
    "value" : "TestUserProductPage"
  }, {
    "name" : "host",
    "value" : "Netbook"
  }, {
    "name" : "thread",
    "value" : "17300-MainThread"
  }, {
    "name" : "framework",
    "value" : "pytest"
  }, {
    "name" : "language",
    "value" : "cpython3"
  }, {
    "name" : "package",
    "value" : "test_product_page"
  }, {
    "name" : "resultFormat",
    "value" : "allure2"
  } ],
  "parameters" : [ ],
  "links" : [ ],
  "hidden" : false,
  "retry" : false,
  "extra" : {
    "severity" : "normal",
    "retries" : [ ],
    "categories" : [ ],
    "tags" : [ "@pytest.mark.xfail(reason='-- fixing this bug right now. --')" ]
  },
  "source" : "b64deb3ad05824e9.json",
  "parameterValues" : [ ]
}